Build started 26/11/2016 11:57:41 a.m..
     1>Project "D:\U\6to Sem\Estructuras\GrafoValorado2\GrafoValorado2\GrafoValorado2.vcxproj" on node 2 (Build target(s)).
     1>C:\Program Files (x86)\MSBuild\Microsoft.Cpp\v4.0\V140\Microsoft.CppBuild.targets(392,5): warning MSB8028: The intermediate directory (Debug\) contains files shared from another project (GrafoValorado2.vcxproj).  This can lead to incorrect clean and rebuild behavior.
     1>ClCompile:
         D:\Programas\visual\VC\bin\CL.exe /c /ZI /nologo /W3 /WX- /sdl /Od /Oy- /D WIN32 /D _DEBUG /D _CONSOLE /D _LIB /D _UNICODE /D UNICODE /Gm /EHsc /RTC1 /MDd /GS /fp:precise /Zc:wchar_t /Zc:forScope /Zc:inline /Fo"Debug\\" /Fd"Debug\vc140.pdb" /Gd /TP /analyze- /errorReport:prompt Lista8.cpp Monticulo.cpp Nodo.cpp Vertice.cpp
         Skipping... (no relevant changes detected)
         Vertice.cpp
         Nodo.cpp
         Monticulo.cpp
         Lista8.cpp
       Link:
         D:\Programas\visual\VC\bin\link.exe /ERRORREPORT:PROMPT /OUT:"D:\U\6to Sem\Estructuras\GrafoValorado2\Debug\Kruskal.exe" /INCREMENTAL /NOLOGO kernel32.lib user32.lib gdi32.lib winspool.lib comdlg32.lib advapi32.lib shell32.lib ole32.lib oleaut32.lib uuid.lib odbc32.lib odbccp32.lib /MANIFEST /MANIFESTUAC:"level='asInvoker' uiAccess='false'" /manifest:embed /Debug /PDB:"D:\U\6to Sem\Estructuras\GrafoValorado2\Debug\Kruskal.pdb" /SUBSYSTEM:CONSOLE /TLBID:1 /DYNAMICBASE /NXCOMPAT /IMPLIB:"D:\U\6to Sem\Estructuras\GrafoValorado2\Debug\Kruskal.lib" /MACHINE:X86 Debug\Grafo.obj
         Debug\Lista8.obj
         Debug\Monticulo.obj
         Debug\Nodo.obj
         Debug\Source.obj
         Debug\Tripla.obj
         Debug\Vertice.obj
         GrafoValorado2.vcxproj -> D:\U\6to Sem\Estructuras\GrafoValorado2\Debug\Kruskal.exe
     1>Done Building Project "D:\U\6to Sem\Estructuras\GrafoValorado2\GrafoValorado2\GrafoValorado2.vcxproj" (Build target(s)).

Build succeeded.

Time Elapsed 00:00:00.90
